#
# There is insufficient memory for the Java Runtime Environment to continue.
# Native memory allocation (mmap) failed to map 264241152 bytes for G1 virtual space
# Possible reasons:
#   The system is out of physical RAM or swap space
#   The process is running with CompressedOops enabled, and the Java Heap may be blocking the growth of the native heap
# Possible solutions:
#   Reduce memory load on the system
#   Increase physical memory or swap space
#   Check if swap backing store is full
#   Decrease Java heap size (-Xmx/-Xms)
#   Decrease number of Java threads
#   Decrease Java thread stack sizes (-Xss)
#   Set larger code cache with -XX:ReservedCodeCacheSize=
#   JVM is running with Zero Based Compressed Oops mode in which the Java heap is
#     placed in the first 32GB address space. The Java Heap base address is the
#     maximum limit for the native heap growth. Please use -XX:HeapBaseMinAddress
#     to set the Java Heap base and to place the Java Heap above 32GB virtual address.
# This output file may be truncated or incomplete.
#
#  Out of Memory Error (os_windows.cpp:3769), pid=6708, tid=31120
#
# JRE version:  (17.0.6) (build )
# Java VM: OpenJDK 64-Bit Server VM (17.0.6+0-b2043.56-9586694, mixed mode, sharing, tiered, compressed oops, compressed class ptrs, g1 gc, windows-amd64)
# No core dump will be written. Minidumps are not enabled by default on client versions of Windows
#

---------------  S U M M A R Y ------------

Command Line: 

Host: 12th Gen Intel(R) Core(TM) i7-12700, 20 cores, 15G,  Windows 10 , 64 bit Build 19041 (10.0.19041.3636)
Time: Wed Nov 22 10:30:46 2023  Windows 10 , 64 bit Build 19041 (10.0.19041.3636) elapsed time: 0.009749 seconds (0d 0h 0m 0s)

---------------  T H R E A D  ---------------

Current thread (0x000001b543709db0):  JavaThread "Unknown thread" [_thread_in_vm, id=31120, stack(0x0000006d22900000,0x0000006d22a00000)]

Stack: [0x0000006d22900000,0x0000006d22a00000]
Native frames: (J=compiled Java code, j=interpreted, Vv=VM code, C=native code)
V  [jvm.dll+0x683b4a]
V  [jvm.dll+0x842654]
V  [jvm.dll+0x843dfe]
V  [jvm.dll+0x844463]
V  [jvm.dll+0x249b75]
V  [jvm.dll+0x680a19]
V  [jvm.dll+0x674f0a]
V  [jvm.dll+0x309acb]
V  [jvm.dll+0x310f86]
V  [jvm.dll+0x3608ee]
V  [jvm.dll+0x360b1f]
V  [jvm.dll+0x2dfbf8]
V  [jvm.dll+0x2e0b64]
V  [jvm.dll+0x813f41]
V  [jvm.dll+0x36e6a1]
V  [jvm.dll+0x7f347c]
V  [jvm.dll+0x3f0e8f]
V  [jvm.dll+0x3f29d1]
C  [jli.dll+0x526b]
C  [ucrtbase.dll+0x21bb2]
C  [KERNEL32.DLL+0x17344]
C  [ntdll.dll+0x526b1]


---------------  P R O C E S S  ---------------

Threads class SMR info:
_java_thread_list=0x00007ffc890cc058, length=0, elements={
}

Java Threads: ( => current thread )

Other Threads:
  0x000001b543777560 GCTaskThread "GC Thread#0" [stack: 0x0000006d22a00000,0x0000006d22b00000] [id=29304]
  0x000001b5437880a0 ConcurrentGCThread "G1 Main Marker" [stack: 0x0000006d22b00000,0x0000006d22c00000] [id=3652]
  0x000001b543788ab0 ConcurrentGCThread "G1 Conc#0" [stack: 0x0000006d22c00000,0x0000006d22d00000] [id=18116]

[error occurred during error reporting (printing all threads), id 0xc0000005, EXCEPTION_ACCESS_VIOLATION (0xc0000005) at pc=0x00007ffc88880797]

VM state: not at safepoint (not fully initialized)

VM Mutex/Monitor currently owned by a thread:  ([mutex/lock_event])
[0x000001b543703f40] Heap_lock - owner thread: 0x000001b543709db0

Heap address: 0x0000000704000000, size: 4032 MB, Compressed Oops mode: Zero based, Oop shift amount: 3

CDS archive(s) mapped at: [0x0000000000000000-0x0000000000000000-0x0000000000000000), size 0, SharedBaseAddress: 0x0000000800000000, ArchiveRelocationMode: 0.
Narrow klass base: 0x0000000000000000, Narrow klass shift: 0, Narrow klass range: 0x0

GC Precious Log:
<Empty>

Heap:
 garbage-first heap   total 0K, used 0K [0x0000000704000000, 0x0000000800000000)
  region size 2048K, 0 young (0K), 0 survivors (0K)

[error occurred during error reporting (printing heap information), id 0xc0000005, EXCEPTION_ACCESS_VIOLATION (0xc0000005) at pc=0x00007ffc88c6d939]

GC Heap History (0 events):
No events

Dll operation events (1 events):
Event: 0.005 Loaded shared library E:\Android Studio\jbr\bin\java.dll

Deoptimization events (0 events):
No events

Classes unloaded (0 events):
No events

Classes redefined (0 events):
No events

Internal exceptions (0 events):
No events

VM Operations (0 events):
No events

Events (0 events):
No events


Dynamic libraries:
0x00007ff63f9b0000 - 0x00007ff63f9ba000 	E:\Android Studio\jbr\bin\java.EXE
0x00007ffceca70000 - 0x00007ffcecc68000 	C:\Windows\SYSTEM32\ntdll.dll
0x00007ffcec800000 - 0x00007ffcec8bd000 	C:\Windows\System32\KERNEL32.DLL
0x00007ffcea6f0000 - 0x00007ffcea9e6000 	C:\Windows\System32\KERNELBASE.dll
0x00007ffcea270000 - 0x00007ffcea370000 	C:\Windows\System32\ucrtbase.dll
0x00007ffcd7fe0000 - 0x00007ffcd7ff7000 	E:\Android Studio\jbr\bin\jli.dll
0x00007ffcd6ab0000 - 0x00007ffcd6acb000 	E:\Android Studio\jbr\bin\VCRUNTIME140.dll
0x00007ffceba60000 - 0x00007ffcebbfe000 	C:\Windows\System32\USER32.dll
0x00007ffcea370000 - 0x00007ffcea392000 	C:\Windows\System32\win32u.dll
0x00007ffceb4b0000 - 0x00007ffceb4dc000 	C:\Windows\System32\GDI32.dll
0x00007ffcea150000 - 0x00007ffcea26a000 	C:\Windows\System32\gdi32full.dll
0x00007ffcc2570000 - 0x00007ffcc280a000 	C:\Windows\WinSxS\amd64_microsoft.windows.common-controls_6595b64144ccf1df_6.0.19041.3636_none_60b6a03d71f818d5\COMCTL32.dll
0x00007ffcea650000 - 0x00007ffcea6ed000 	C:\Windows\System32\msvcp_win.dll
0x00007ffceaad0000 - 0x00007ffceab6e000 	C:\Windows\System32\msvcrt.dll
0x00007ffceba20000 - 0x00007ffceba50000 	C:\Windows\System32\IMM32.DLL
0x00007ffcd6aa0000 - 0x00007ffcd6aac000 	E:\Android Studio\jbr\bin\vcruntime140_1.dll
0x00007ffca97e0000 - 0x00007ffca986d000 	E:\Android Studio\jbr\bin\msvcp140.dll
0x00007ffc88590000 - 0x00007ffc891fd000 	E:\Android Studio\jbr\bin\server\jvm.dll
0x00007ffcec180000 - 0x00007ffcec22f000 	C:\Windows\System32\ADVAPI32.dll
0x00007ffceb4f0000 - 0x00007ffceb58c000 	C:\Windows\System32\sechost.dll
0x00007ffcebfc0000 - 0x00007ffcec0e6000 	C:\Windows\System32\RPCRT4.dll
0x00007ffcd2230000 - 0x00007ffcd2257000 	C:\Windows\SYSTEM32\WINMM.dll
0x00007ffcd5a40000 - 0x00007ffcd5a49000 	C:\Windows\SYSTEM32\WSOCK32.dll
0x00007ffce88c0000 - 0x00007ffce88ca000 	C:\Windows\SYSTEM32\VERSION.dll
0x00007ffcec780000 - 0x00007ffcec7eb000 	C:\Windows\System32\WS2_32.dll
0x00007ffce89c0000 - 0x00007ffce89d2000 	C:\Windows\SYSTEM32\kernel.appcore.dll
0x00007ffc88560000 - 0x00007ffc8856a000 	E:\Android Studio\jbr\bin\jimage.dll
0x00007ffcdab10000 - 0x00007ffcdacf4000 	C:\Windows\SYSTEM32\DBGHELP.DLL
0x00007ffcb8d50000 - 0x00007ffcb8d84000 	C:\Windows\SYSTEM32\dbgcore.DLL
0x00007ffcea9f0000 - 0x00007ffceaa72000 	C:\Windows\System32\bcryptPrimitives.dll
0x00007ffc88530000 - 0x00007ffc88555000 	E:\Android Studio\jbr\bin\java.dll

dbghelp: loaded successfully - version: 4.0.5 - missing functions: none
symbol engine: initialized successfully - sym options: 0x614 - pdb path: .;E:\Android Studio\jbr\bin;C:\Windows\SYSTEM32;C:\Windows\WinSxS\amd64_microsoft.windows.common-controls_6595b64144ccf1df_6.0.19041.3636_none_60b6a03d71f818d5;E:\Android Studio\jbr\bin\server

VM Arguments:
java_command: <unknown>
java_class_path (initial): <not set>
Launcher Type: SUN_STANDARD

[Global flags]
     intx CICompilerCount                          = 12                                        {product} {ergonomic}
     uint ConcGCThreads                            = 4                                         {product} {ergonomic}
     uint G1ConcRefinementThreads                  = 15                                        {product} {ergonomic}
   size_t G1HeapRegionSize                         = 2097152                                   {product} {ergonomic}
    uintx GCDrainStackTargetSize                   = 64                                        {product} {ergonomic}
   size_t InitialHeapSize                          = 264241152                                 {product} {ergonomic}
   size_t MarkStackSize                            = 4194304                                   {product} {ergonomic}
   size_t MaxHeapSize                              = 4227858432                                {product} {ergonomic}
   size_t MinHeapDeltaBytes                        = 2097152                                   {product} {ergonomic}
   size_t MinHeapSize                              = 8388608                                   {product} {ergonomic}
    uintx NonNMethodCodeHeapSize                   = 7602480                                {pd product} {ergonomic}
    uintx NonProfiledCodeHeapSize                  = 122027880                              {pd product} {ergonomic}
    uintx ProfiledCodeHeapSize                     = 122027880                              {pd product} {ergonomic}
    uintx ReservedCodeCacheSize                    = 251658240                              {pd product} {ergonomic}
     bool SegmentedCodeCache                       = true                                      {product} {ergonomic}
   size_t SoftMaxHeapSize                          = 4227858432                             {manageable} {ergonomic}
     bool UseCompressedClassPointers               = true                           {product lp64_product} {ergonomic}
     bool UseCompressedOops                        = true                           {product lp64_product} {ergonomic}
     bool UseG1GC                                  = true                                      {product} {ergonomic}
     bool UseLargePagesIndividualAllocation        = false                                  {pd product} {ergonomic}

Logging:
Log output configuration:
 #0: stdout all=warning uptime,level,tags
 #1: stderr all=off uptime,level,tags

Environment Variables:
JAVA_HOME=E:\Java\jdk1.8.0_151
PATH=C:\ProgramData\Oracle\Java\javapath;C:\Windows\system32;C:\Windows;C:\Windows\System32\Wbem;C:\Windows\System32\WindowsPowerShell\v1.0\;C:\Windows\System32\OpenSSH\;E:\Java\jdk1.8.0_151\bin;E:\Java\jdk1.8.0_151\jre\bin;C:\Program Files\Git\cmd;C:\Program Files\TortoiseGit\bin;E:\Java\jdk1.8.0_151;E:\Program Files\Microsoft SQL Server\120\DTS\Binn\;E:\Program Files\Microsoft SQL Server\Client SDK\ODBC\110\Tools\Binn\;E:\Program Files (x86)\Microsoft SQL Server\120\Tools\Binn\;E:\Program Files\Microsoft SQL Server\120\Tools\Binn\;E:\Program Files (x86)\Microsoft SQL Server\120\Tools\Binn\ManagementStudio\;E:\Program Files (x86)\Microsoft SQL Server\120\DTS\Binn\;C:\Program Files\Cloudflare\Cloudflare WARP\;C:\Program Files (x86)\Windows Kits\10\Windows Performance Toolkit\;C:\Users\Admin\AppData\Local\Microsoft\WindowsApps;C:\Users\Admin\AppData\Local\Programs\Fiddler;E:\flutter\bin;E:\Microsoft VS Code\bin;E:\flutter\bin\mingit\cmd
USERNAME=Admin
OS=Windows_NT
PROCESSOR_IDENTIFIER=Intel64 Family 6 Model 151 Stepping 2, GenuineIntel
TMP=C:\Users\Admin\AppData\Local\Temp
TEMP=C:\Users\Admin\AppData\Local\Temp



---------------  S Y S T E M  ---------------

OS:
 Windows 10 , 64 bit Build 19041 (10.0.19041.3636)
OS uptime: 1 days 0:32 hours

CPU: total 20 (initial active 20) (10 cores per cpu, 2 threads per core) family 6 model 151 stepping 2 microcode 0x1f, cx8, cmov, fxsr, ht, mmx, 3dnowpref, sse, sse2, sse3, ssse3, sse4.1, sse4.2, popcnt, lzcnt, tsc, tscinvbit, avx, avx2, aes, erms, clmul, bmi1, bmi2, adx, sha, fma, vzeroupper, clflush, clflushopt, clwb

Memory: 4k page, system-wide physical 16125M (2697M free)
TotalPageFile size 24317M (AvailPageFile size 57M)
current process WorkingSet (physical memory assigned to process): 11M, peak: 11M
current process commit charge ("private bytes"): 74M, peak: 326M

vm_info: OpenJDK 64-Bit Server VM (17.0.6+0-b2043.56-9586694) for windows-amd64 JRE (17.0.6+0-b2043.56-9586694), built on Feb  9 2023 20:06:20 by "androidbuild" with MS VC++ 16.10 / 16.11 (VS2019)

END.
